<?xml version="1.0" encoding="UTF-8"?>
<robot generator="Robot 7.1 (Python 3.10.11 on win32)" generated="2024-09-23T19:39:41.344470" rpa="false" schemaversion="5">
<suite id="s1" name="testDemo2" source="C:\Users\hp\PycharmProjects\RobotFrameworkTest\tests\testDemo2.robot">
<test id="s1-t1" name="Select the form and navigate to the child window" line="27">
<kw name="open the browser with the mortage payment url" owner="resources" type="SETUP">
<kw name="Open Browser" owner="SeleniumLibrary">
<msg time="2024-09-23T19:39:41.874297" level="INFO">Opening browser 'Edge' to base url 'http://rahulshettyacademy.com/loginpagePractise/'.</msg>
<arg>${browserurl}</arg>
<arg>Edge</arg>
<doc>Opens a new browser instance to the optional ``url``.</doc>
<status status="PASS" start="2024-09-23T19:39:41.873308" elapsed="6.290269"/>
</kw>
<kw name="Maximize Browser Window" owner="SeleniumLibrary">
<doc>Maximizes current browser window.</doc>
<status status="PASS" start="2024-09-23T19:39:48.166088" elapsed="0.891965"/>
</kw>
<kw name="Sleep" owner="BuiltIn">
<msg time="2024-09-23T19:39:51.063006" level="INFO">Slept 2 seconds.</msg>
<arg>2</arg>
<doc>Pauses the test executed for the given time.</doc>
<status status="PASS" start="2024-09-23T19:39:49.058053" elapsed="2.004953"/>
</kw>
<status status="PASS" start="2024-09-23T19:39:41.870725" elapsed="9.193282"/>
</kw>
<kw name="fill the login details and select user option">
<kw name="Input Text" owner="SeleniumLibrary">
<msg time="2024-09-23T19:39:51.066014" level="INFO">Typing text 'rahulshettyacademy' into text field 'id:username'.</msg>
<arg>id:username</arg>
<arg>rahulshettyacademy</arg>
<doc>Types the given ``text`` into the text field identified by ``locator``.</doc>
<status status="PASS" start="2024-09-23T19:39:51.065012" elapsed="0.363567"/>
</kw>
<kw name="Input Text" owner="SeleniumLibrary">
<msg time="2024-09-23T19:39:51.430096" level="INFO">Typing text 'learning' into text field 'id:password'.</msg>
<arg>id:password</arg>
<arg>learning</arg>
<doc>Types the given ``text`` into the text field identified by ``locator``.</doc>
<status status="PASS" start="2024-09-23T19:39:51.428579" elapsed="0.159486"/>
</kw>
<kw name="Click Element" owner="SeleniumLibrary">
<msg time="2024-09-23T19:39:51.589649" level="INFO">Clicking element 'css=input[value='user']'.</msg>
<arg>css=input[value='user']</arg>
<doc>Click the element identified by ``locator``.</doc>
<status status="PASS" start="2024-09-23T19:39:51.588065" elapsed="0.156050"/>
</kw>
<kw name="Wait Until Element Is Visible" owner="SeleniumLibrary">
<arg>css=.modal-body</arg>
<doc>Waits until the element ``locator`` is visible.</doc>
<status status="PASS" start="2024-09-23T19:39:51.745120" elapsed="0.218663"/>
</kw>
<kw name="Click Button" owner="SeleniumLibrary">
<msg time="2024-09-23T19:39:51.964799" level="INFO">Clicking button 'id=okayBtn'.</msg>
<arg>id=okayBtn</arg>
<doc>Clicks the button identified by ``locator``.</doc>
<status status="PASS" start="2024-09-23T19:39:51.964799" elapsed="0.188904"/>
</kw>
<kw name="Click Button" owner="SeleniumLibrary">
<msg time="2024-09-23T19:39:52.157304" level="INFO">Clicking button 'id=okayBtn'.</msg>
<msg time="2024-09-23T19:39:53.800995" level="INFO" html="true">&lt;/td&gt;&lt;/tr&gt;&lt;tr&gt;&lt;td colspan="3"&gt;&lt;a href="selenium-screenshot-1.png"&gt;&lt;img src="selenium-screenshot-1.png" width="800px"&gt;&lt;/a&gt;</msg>
<msg time="2024-09-23T19:39:53.801991" level="FAIL">ElementClickInterceptedException: Message: element click intercepted: Element &lt;button type="button" id="okayBtn" class="btn btn-success" autofocus=""&gt;...&lt;/button&gt; is not clickable at point (46, 18). Other element would receive the click: &lt;h3 class="text-center pt-5"&gt;...&lt;/h3&gt;
  (Session info: MicrosoftEdge=128.0.2739.79)
Stacktrace:
	GetHandleVerifier [0x00007FF7E55B3A22+10594]
	Microsoft::Applications::Events::ILogConfiguration::operator* [0x00007FF7E5550449+323337]
	(No symbol) [0x00007FF7E536F16E]
	(No symbol) [0x00007FF7E53BC94D]
	(No symbol) [0x00007FF7E53BABFE]
	(No symbol) [0x00007FF7E53B896A]
	(No symbol) [0x00007FF7E53B7D7F]
	(No symbol) [0x00007FF7E53AC613]
	(No symbol) [0x00007FF7E53D7B7A]
	(No symbol) [0x00007FF7E53ABEDD]
	(No symbol) [0x00007FF7E53ABDAD]
	(No symbol) [0x00007FF7E53D7E60]
	(No symbol) [0x00007FF7E53ABEDD]
	(No symbol) [0x00007FF7E53F1B07]
	(No symbol) [0x00007FF7E53D77E3]
	(No symbol) [0x00007FF7E53AB3EC]
	(No symbol) [0x00007FF7E53AA8CD]
	(No symbol) [0x00007FF7E53AAFB1]
	Microsoft::Applications::Events::EventProperty::empty [0x00007FF7E573E4C4+918756]
	Microsoft::Applications::Events::EventProperty::~EventProperty [0x00007FF7E54DC9BF+54575]
	Microsoft::Applications::Events::EventProperty::~EventProperty [0x00007FF7E54CF557+199]
	Microsoft::Applications::Events::EventProperty::empty [0x00007FF7E573D24D+914029]
	Microsoft::Applications::Events::ILogConfiguration::operator* [0x00007FF7E5557ED1+354705]
	Microsoft::Applications::Events::ILogConfiguration::operator* [0x00007FF7E5554384+339524]
	Microsoft::Applications::Events::ILogConfiguration::operator* [0x00007FF7E55544B9+339833]
	Microsoft::Applications::Events::ILogConfiguration::operator* [0x00007FF7E554AD7C+301116]
	BaseThreadInitThunk [0x00007FFD79BC257D+29]
	RtlUserThreadStart [0x00007FFD7AA8AF28+40]
</msg>
<arg>id=okayBtn</arg>
<doc>Clicks the button identified by ``locator``.</doc>
<status status="FAIL" start="2024-09-23T19:39:52.155346" elapsed="1.900329">ElementClickInterceptedException: Message: element click intercepted: Element &lt;button type="button" id="okayBtn" class="btn btn-success" autofocus=""&gt;...&lt;/button&gt; is not clickable at point (46, 18). Other element would receive the click: &lt;h3 class="text-center pt-5"&gt;...&lt;/h3&gt;
  (Session info: MicrosoftEdge=128.0.2739.79)
Stacktrace:
	GetHandleVerifier [0x00007FF7E55B3A22+10594]
	Microsoft::Applications::Events::ILogConfiguration::operator* [0x00007FF7E5550449+323337]
	(No symbol) [0x00007FF7E536F16E]
	(No symbol) [0x00007FF7E53BC94D]
	(No symbol) [0x00007FF7E53BABFE]
	(No symbol) [0x00007FF7E53B896A]
	(No symbol) [0x00007FF7E53B7D7F]
	(No symbol) [0x00007FF7E53AC613]
	(No symbol) [0x00007FF7E53D7B7A]
	(No symbol) [0x00007FF7E53ABEDD]
	(No symbol) [0x00007FF7E53ABDAD]
	(No symbol) [0x00007FF7E53D7E60]
	(No symbol) [0x00007FF7E53ABEDD]
    [ Message content over the limit has been removed. ]
	(No symbol) [0x00007FF7E53AA8CD]
	(No symbol) [0x00007FF7E53AAFB1]
	Microsoft::Applications::Events::EventProperty::empty [0x00007FF7E573E4C4+918756]
	Microsoft::Applications::Events::EventProperty::~EventProperty [0x00007FF7E54DC9BF+54575]
	Microsoft::Applications::Events::EventProperty::~EventProperty [0x00007FF7E54CF557+199]
	Microsoft::Applications::Events::EventProperty::empty [0x00007FF7E573D24D+914029]
	Microsoft::Applications::Events::ILogConfiguration::operator* [0x00007FF7E5557ED1+354705]
	Microsoft::Applications::Events::ILogConfiguration::operator* [0x00007FF7E5554384+339524]
	Microsoft::Applications::Events::ILogConfiguration::operator* [0x00007FF7E55544B9+339833]
	Microsoft::Applications::Events::ILogConfiguration::operator* [0x00007FF7E554AD7C+301116]
	BaseThreadInitThunk [0x00007FFD79BC257D+29]
	RtlUserThreadStart [0x00007FFD7AA8AF28+40]</status>
</kw>
<kw name="Wait Until Element Is Not Visible" owner="SeleniumLibrary">
<arg>css=.modal-body</arg>
<doc>Waits until the element ``locator`` is not visible.</doc>
<status status="NOT RUN" start="2024-09-23T19:39:54.055675" elapsed="0.000000"/>
</kw>
<kw name="Select From List By Value" owner="SeleniumLibrary">
<arg>css=select.form-control</arg>
<arg>teach</arg>
<doc>Selects options from selection list ``locator`` by ``values``.</doc>
<status status="NOT RUN" start="2024-09-23T19:39:54.056681" elapsed="0.000000"/>
</kw>
<kw name="Select Checkbox" owner="SeleniumLibrary">
<arg>id=terms</arg>
<doc>Selects the checkbox identified by ``locator``.</doc>
<status status="NOT RUN" start="2024-09-23T19:39:54.056681" elapsed="0.001001"/>
</kw>
<kw name="Checkbox Should Be Selected" owner="SeleniumLibrary">
<arg>id=terms</arg>
<doc>Verifies checkbox ``locator`` is selected/checked.</doc>
<status status="NOT RUN" start="2024-09-23T19:39:54.057682" elapsed="0.001997"/>
</kw>
<status status="FAIL" start="2024-09-23T19:39:51.064007" elapsed="2.995672">ElementClickInterceptedException: Message: element click intercepted: Element &lt;button type="button" id="okayBtn" class="btn btn-success" autofocus=""&gt;...&lt;/button&gt; is not clickable at point (46, 18). Other element would receive the click: &lt;h3 class="text-center pt-5"&gt;...&lt;/h3&gt;
  (Session info: MicrosoftEdge=128.0.2739.79)
Stacktrace:
	GetHandleVerifier [0x00007FF7E55B3A22+10594]
	Microsoft::Applications::Events::ILogConfiguration::operator* [0x00007FF7E5550449+323337]
	(No symbol) [0x00007FF7E536F16E]
	(No symbol) [0x00007FF7E53BC94D]
	(No symbol) [0x00007FF7E53BABFE]
	(No symbol) [0x00007FF7E53B896A]
	(No symbol) [0x00007FF7E53B7D7F]
	(No symbol) [0x00007FF7E53AC613]
	(No symbol) [0x00007FF7E53D7B7A]
	(No symbol) [0x00007FF7E53ABEDD]
	(No symbol) [0x00007FF7E53ABDAD]
	(No symbol) [0x00007FF7E53D7E60]
	(No symbol) [0x00007FF7E53ABEDD]
    [ Message content over the limit has been removed. ]
	(No symbol) [0x00007FF7E53AA8CD]
	(No symbol) [0x00007FF7E53AAFB1]
	Microsoft::Applications::Events::EventProperty::empty [0x00007FF7E573E4C4+918756]
	Microsoft::Applications::Events::EventProperty::~EventProperty [0x00007FF7E54DC9BF+54575]
	Microsoft::Applications::Events::EventProperty::~EventProperty [0x00007FF7E54CF557+199]
	Microsoft::Applications::Events::EventProperty::empty [0x00007FF7E573D24D+914029]
	Microsoft::Applications::Events::ILogConfiguration::operator* [0x00007FF7E5557ED1+354705]
	Microsoft::Applications::Events::ILogConfiguration::operator* [0x00007FF7E5554384+339524]
	Microsoft::Applications::Events::ILogConfiguration::operator* [0x00007FF7E55544B9+339833]
	Microsoft::Applications::Events::ILogConfiguration::operator* [0x00007FF7E554AD7C+301116]
	BaseThreadInitThunk [0x00007FFD79BC257D+29]
	RtlUserThreadStart [0x00007FFD7AA8AF28+40]</status>
</kw>
<kw name="Close Browser Session" owner="resources" type="TEARDOWN">
<kw name="Close Browser" owner="SeleniumLibrary">
<doc>Closes the current browser.</doc>
<status status="PASS" start="2024-09-23T19:39:54.061679" elapsed="2.575165"/>
</kw>
<status status="PASS" start="2024-09-23T19:39:54.060686" elapsed="2.577164"/>
</kw>
<status status="FAIL" start="2024-09-23T19:39:41.867683" elapsed="14.770167">ElementClickInterceptedException: Message: element click intercepted: Element &lt;button type="button" id="okayBtn" class="btn btn-success" autofocus=""&gt;...&lt;/button&gt; is not clickable at point (46, 18). Other element would receive the click: &lt;h3 class="text-center pt-5"&gt;...&lt;/h3&gt;
  (Session info: MicrosoftEdge=128.0.2739.79)
Stacktrace:
	GetHandleVerifier [0x00007FF7E55B3A22+10594]
	Microsoft::Applications::Events::ILogConfiguration::operator* [0x00007FF7E5550449+323337]
	(No symbol) [0x00007FF7E536F16E]
	(No symbol) [0x00007FF7E53BC94D]
	(No symbol) [0x00007FF7E53BABFE]
	(No symbol) [0x00007FF7E53B896A]
	(No symbol) [0x00007FF7E53B7D7F]
	(No symbol) [0x00007FF7E53AC613]
	(No symbol) [0x00007FF7E53D7B7A]
	(No symbol) [0x00007FF7E53ABEDD]
	(No symbol) [0x00007FF7E53ABDAD]
	(No symbol) [0x00007FF7E53D7E60]
	(No symbol) [0x00007FF7E53ABEDD]
    [ Message content over the limit has been removed. ]
	(No symbol) [0x00007FF7E53AA8CD]
	(No symbol) [0x00007FF7E53AAFB1]
	Microsoft::Applications::Events::EventProperty::empty [0x00007FF7E573E4C4+918756]
	Microsoft::Applications::Events::EventProperty::~EventProperty [0x00007FF7E54DC9BF+54575]
	Microsoft::Applications::Events::EventProperty::~EventProperty [0x00007FF7E54CF557+199]
	Microsoft::Applications::Events::EventProperty::empty [0x00007FF7E573D24D+914029]
	Microsoft::Applications::Events::ILogConfiguration::operator* [0x00007FF7E5557ED1+354705]
	Microsoft::Applications::Events::ILogConfiguration::operator* [0x00007FF7E5554384+339524]
	Microsoft::Applications::Events::ILogConfiguration::operator* [0x00007FF7E55544B9+339833]
	Microsoft::Applications::Events::ILogConfiguration::operator* [0x00007FF7E554AD7C+301116]
	BaseThreadInitThunk [0x00007FFD79BC257D+29]
	RtlUserThreadStart [0x00007FFD7AA8AF28+40]</status>
</test>
<doc>Validate the login form</doc>
<status status="FAIL" start="2024-09-23T19:39:41.366579" elapsed="15.290855"/>
</suite>
<statistics>
<total>
<stat pass="0" fail="1" skip="0">All Tests</stat>
</total>
<tag>
</tag>
<suite>
<stat pass="0" fail="1" skip="0" id="s1" name="testDemo2">testDemo2</stat>
</suite>
</statistics>
<errors>
</errors>
</robot>
